ADemo/app/build/outputs/logs/manifest-merger-debug-report.txt
-- Merging decision tree log ---
manifest
ADDED from src\main\AndroidManifest.xml:2:1-94:12
	package
		ADDED from src\main\AndroidManifest.xml:3:5-31
		INJECTED from src\main\AndroidManifest.xml
		INJECTED from src\main\AndroidManifest.xml
	android:versionName
		ADDED from src\main\AndroidManifest.xml:5:5-32
		INJECTED from src\main\AndroidManifest.xml
		INJECTED from src\main\AndroidManifest.xml
	android:versionCode
		ADDED from src\main\AndroidManifest.xml:4:5-28
		INJECTED from src\main\AndroidManifest.xml
		INJECTED from src\main\AndroidManifest.xml
	xmlns:android
		ADDED from src\main\AndroidManifest.xml:2:11-69
uses-sdk
ADDED from src\main\AndroidManifest.xml:7:5-9:41
MERGED from [com.android.support:support-v4:25.3.1] AndroidManifest.xml:21:5-23:54
MERGED from [com.android.support:support-fragment:25.3.1] AndroidManifest.xml:21:5-23:60
MERGED from [com.android.support:support-media-compat:25.3.1] AndroidManifest.xml:21:5-23:63
MERGED from [com.android.support:support-core-ui:25.3.1] AndroidManifest.xml:21:5-23:58
MERGED from [com.android.support:support-core-utils:25.3.1] AndroidManifest.xml:21:5-23:61
MERGED from [com.android.support:support-compat:25.3.1] AndroidManifest.xml:21:5-23:58
	tools:overrideLibrary
		ADDED from [com.android.support:support-v4:25.3.1] AndroidManifest.xml:23:9-51
	android:targetSdkVersion
		ADDED from src\main\AndroidManifest.xml:9:9-38
		INJECTED from src\main\AndroidManifest.xml
		INJECTED from src\main\AndroidManifest.xml
	android:minSdkVersion
		ADDED from src\main\AndroidManifest.xml:8:9-35
		INJECTED from src\main\AndroidManifest.xml
		INJECTED from src\main\AndroidManifest.xml
uses-permission#android.permission.BLUETOOTH_ADMIN
ADDED from src\main\AndroidManifest.xml:11:5-74
	android:name
		ADDED from src\main\AndroidManifest.xml:11:22-71
uses-permission#android.permission.BLUETOOTH
ADDED from src\main\AndroidManifest.xml:12:5-68
	android:name
		ADDED from src\main\AndroidManifest.xml:12:22-65
uses-permission#android.permission.WRITE_EXTERNAL_STORAGE
ADDED from src\main\AndroidManifest.xml:13:5-81
	android:name
		ADDED from src\main\AndroidManifest.xml:13:22-78
uses-permission#android.permission.INTERNET
ADDED from src\main\AndroidManifest.xml:14:5-66
	android:name
		ADDED from src\main\AndroidManifest.xml:14:22-64
uses-permission#android.permission.CAMERA
ADDED from src\main\AndroidManifest.xml:15:5-64
	android:name
		ADDED from src\main\AndroidManifest.xml:15:22-62
uses-permission#android.permission.WRITE_CALENDAR
ADDED from src\main\AndroidManifest.xml:16:5-73
	android:name
		ADDED from src\main\AndroidManifest.xml:16:22-70
uses-permission#android.permission.READ_PHONE_STATE
ADDED from src\main\AndroidManifest.xml:17:5-74
	android:name
		ADDED from src\main\AndroidManifest.xml:17:22-72
uses-permission#android.permission.ACCESS_COARSE_LOCATION
ADDED from src\main\AndroidManifest.xml:18:5-80
	android:name
		ADDED from src\main\AndroidManifest.xml:18:22-78
uses-permission#android.permission.ACCESS_NETWORK_STATE
ADDED from src\main\AndroidManifest.xml:19:5-78
	android:name
		ADDED from src\main\AndroidManifest.xml:19:22-76
application
ADDED from src\main\AndroidManifest.xml:21:5-92:19
MERGED from [com.android.support:support-v4:25.3.1] AndroidManifest.xml:29:5-20
MERGED from [com.android.support:support-fragment:25.3.1] AndroidManifest.xml:29:5-20
MERGED from [com.android.support:support-media-compat:25.3.1] AndroidManifest.xml:29:5-20
MERGED from [com.android.support:support-core-ui:25.3.1] AndroidManifest.xml:29:5-20
MERGED from [com.android.support:support-core-utils:25.3.1] AndroidManifest.xml:29:5-20
MERGED from [com.android.support:support-compat:25.3.1] AndroidManifest.xml:29:5-20
	android:label
		ADDED from src\main\AndroidManifest.xml:24:9-41
	android:allowBackup
		ADDED from src\main\AndroidManifest.xml:22:9-35
	android:icon
		ADDED from src\main\AndroidManifest.xml:23:9-38
	android:theme
		ADDED from src\main\AndroidManifest.xml:25:9-56
activity#com.example.demo.MainActivity
ADDED from src\main\AndroidManifest.xml:26:9-34:20
	android:label
		ADDED from src\main\AndroidManifest.xml:28:13-45
	android:name
		ADDED from src\main\AndroidManifest.xml:27:13-57
intent-filter#android.intent.action.MAIN+android.intent.category.LAUNCHER
ADDED from src\main\AndroidManifest.xml:29:13-33:29
action#android.intent.action.MAIN
ADDED from src\main\AndroidManifest.xml:30:17-69
	android:name
		ADDED from src\main\AndroidManifest.xml:30:25-66
category#android.intent.category.LAUNCHER
ADDED from src\main\AndroidManifest.xml:32:17-77
	android:name
		ADDED from src\main\AndroidManifest.xml:32:27-74
activity#com.example.demo.activity.SecondActivity
ADDED from src\main\AndroidManifest.xml:35:9-38:20
	android:label
		ADDED from src\main\AndroidManifest.xml:37:13-48
	android:name
		ADDED from src\main\AndroidManifest.xml:36:13-68
activity#com.example.demo.activity.ThirdActivity
ADDED from src\main\AndroidManifest.xml:39:9-42:20
	android:label
		ADDED from src\main\AndroidManifest.xml:41:13-47
	android:name
		ADDED from src\main\AndroidManifest.xml:40:13-67
activity#com.example.demo.activity.FourthActivity
ADDED from src\main\AndroidManifest.xml:43:9-46:20
	android:label
		ADDED from src\main\AndroidManifest.xml:45:13-48
	android:name
		ADDED from src\main\AndroidManifest.xml:44:13-68
activity#com.example.demo.activity.FifthActivity
ADDED from src\main\AndroidManifest.xml:47:9-50:20
	android:label
		ADDED from src\main\AndroidManifest.xml:49:13-47
	android:name
		ADDED from src\main\AndroidManifest.xml:48:13-67
activity#com.example.demo.activity.MultiChoiceActivity
ADDED from src\main\AndroidManifest.xml:51:10-54:20
	android:label
		ADDED from src\main\AndroidManifest.xml:53:13-47
	android:name
		ADDED from src\main\AndroidManifest.xml:52:13-73
activity#com.example.demo.activity.SoapActivityTest
ADDED from src\main\AndroidManifest.xml:55:9-59:20
	android:label
		ADDED from src\main\AndroidManifest.xml:57:13-46
	android:name
		ADDED from src\main\AndroidManifest.xml:56:13-70
activity#com.example.demo.activity.JasonActivity
ADDED from src\main\AndroidManifest.xml:60:9-64:20
	android:label
		ADDED from src\main\AndroidManifest.xml:62:13-46
	android:name
		ADDED from src\main\AndroidManifest.xml:61:13-67
activity#com.example.demo.activity.BitmapActivity
ADDED from src\main\AndroidManifest.xml:65:9-86
	android:name
		ADDED from src\main\AndroidManifest.xml:65:19-74
activity#com.example.demo.activity.ClockActivity
ADDED from src\main\AndroidManifest.xml:66:9-85
	android:name
		ADDED from src\main\AndroidManifest.xml:66:19-73
activity#com.example.demo.activity2.SNActivity
ADDED from src\main\AndroidManifest.xml:67:9-83
	android:name
		ADDED from src\main\AndroidManifest.xml:67:19-71
activity#com.example.demo.activity2.ScanActivity
ADDED from src\main\AndroidManifest.xml:68:9-85
	android:name
		ADDED from src\main\AndroidManifest.xml:68:19-73
activity#com.example.demo.androidzhishi.MainActivity
ADDED from src\main\AndroidManifest.xml:69:9-89
	android:name
		ADDED from src\main\AndroidManifest.xml:69:19-77
activity#com.example.demo.activity3.LsvActivity
ADDED from src\main\AndroidManifest.xml:70:9-84
	android:name
		ADDED from src\main\AndroidManifest.xml:70:19-72
activity#com.example.demo.activity2.XmlpullParserctivity
ADDED from src\main\AndroidManifest.xml:71:9-93
	android:name
		ADDED from src\main\AndroidManifest.xml:71:19-81
activity#com.example.demo.activity2.StudentActivity
ADDED from src\main\AndroidManifest.xml:72:9-88
	android:name
		ADDED from src\main\AndroidManifest.xml:72:19-76
activity#com.example.demo.activity2.MainActivity2
ADDED from src\main\AndroidManifest.xml:73:9-86
	android:name
		ADDED from src\main\AndroidManifest.xml:73:19-74
activity#com.example.demo.activity2.ConnectedActivity
ADDED from src\main\AndroidManifest.xml:74:9-90
	android:name
		ADDED from src\main\AndroidManifest.xml:74:19-78
activity#com.example.demo.activity2.BroadcastActivity
ADDED from src\main\AndroidManifest.xml:75:9-90
	android:name
		ADDED from src\main\AndroidManifest.xml:75:19-78
activity#com.example.demo.activity2.FileMangerActivity
ADDED from src\main\AndroidManifest.xml:76:9-91
	android:name
		ADDED from src\main\AndroidManifest.xml:76:19-79
activity#com.example.demo.activity2.SdcardfileActivity
ADDED from src\main\AndroidManifest.xml:77:9-91
	android:name
		ADDED from src\main\AndroidManifest.xml:77:19-79
activity#com.example.demo.activity2.MyFileManager
ADDED from src\main\AndroidManifest.xml:78:9-82:20
	android:theme
		ADDED from src\main\AndroidManifest.xml:80:12-76
	android:name
		ADDED from src\main\AndroidManifest.xml:79:12-67
service#com.example.demo.service.MyService
ADDED from src\main\AndroidManifest.xml:85:9-89:19
	android:process
		ADDED from src\main\AndroidManifest.xml:87:13-38
	android:name
		ADDED from src\main\AndroidManifest.xml:86:13-62
service#com.example.demo.service.PTTService
ADDED from src\main\AndroidManifest.xml:90:9-79
	android:name
		ADDED from src\main\AndroidManifest.xml:90:18-68
activity#com.example.demo.activity3.PullListViewActivity
ADDED from src\main\AndroidManifest.xml:91:9-93
	android:name
		ADDED from src\main\AndroidManifest.xml:91:19-81
meta-data#android.support.VERSION
ADDED from [com.android.support:support-v4:25.3.1] AndroidManifest.xml:25:5-27:34
MERGED from [com.android.support:support-fragment:25.3.1] AndroidManifest.xml:25:5-27:34
MERGED from [com.android.support:support-media-compat:25.3.1] AndroidManifest.xml:25:5-27:34
MERGED from [com.android.support:support-core-ui:25.3.1] AndroidManifest.xml:25:5-27:34
MERGED from [com.android.support:support-core-utils:25.3.1] AndroidManifest.xml:25:5-27:34
MERGED from [com.android.support:support-compat:25.3.1] AndroidManifest.xml:25:5-27:34
	android:value
		ADDED from [com.android.support:support-v4:25.3.1] AndroidManifest.xml:27:9-31
	android:name
		ADDED from [com.android.support:support-v4:25.3.1] AndroidManifest.xml:26:9-47